

Started GET "/" for 127.0.0.1 at 2010-11-29 19:58:20 -0800
  [1m[36mSQL (0.3ms)[0m  [1mSHOW client_min_messages[0m
  [1m[35mSQL (0.1ms)[0m  SET client_min_messages TO 'panic'
  [1m[36mSQL (0.1ms)[0m  [1mSET standard_conforming_strings = on[0m
  [1m[35mSQL (0.1ms)[0m  SET client_min_messages TO 'notice'
  [1m[36mSQL (92.2ms)[0m  [1mSET time zone 'UTC'[0m
  [1m[35mSQL (0.2ms)[0m  SHOW TIME ZONE

ArgumentError (A secret is required to generate an integrity hash for cookie session data. Use config.secret_token = "some secret phrase of at least 30 characters"in config/application.rb):
  

Rendered /Users/holtonma/.rvm/gems/ruby-1.9.2-head@rails3/gems/actionpack-3.0.3/lib/action_dispatch/middleware/templates/rescues/_trace.erb (1.2ms)
Rendered /Users/holtonma/.rvm/gems/ruby-1.9.2-head@rails3/gems/actionpack-3.0.3/lib/action_dispatch/middleware/templates/rescues/_request_and_response.erb (8.9ms)
Rendered /Users/holtonma/.rvm/gems/ruby-1.9.2-head@rails3/gems/actionpack-3.0.3/lib/action_dispatch/middleware/templates/rescues/diagnostics.erb within rescues/layout (15.4ms)


Started GET "/" for 127.0.0.1 at 2010-11-29 20:01:49 -0800

ArgumentError (A secret is required to generate an integrity hash for cookie session data. Use config.secret_token = "some secret phrase of at least 30 characters"in config/application.rb):
  

Rendered /Users/holtonma/.rvm/gems/ruby-1.9.2-head@rails3/gems/actionpack-3.0.3/lib/action_dispatch/middleware/templates/rescues/_trace.erb (1.2ms)
Rendered /Users/holtonma/.rvm/gems/ruby-1.9.2-head@rails3/gems/actionpack-3.0.3/lib/action_dispatch/middleware/templates/rescues/_request_and_response.erb (1.4ms)
Rendered /Users/holtonma/.rvm/gems/ruby-1.9.2-head@rails3/gems/actionpack-3.0.3/lib/action_dispatch/middleware/templates/rescues/diagnostics.erb within rescues/layout (6.1ms)


Started GET "/favicon.ico" for 127.0.0.1 at 2010-11-29 20:01:49 -0800

ArgumentError (A secret is required to generate an integrity hash for cookie session data. Use config.secret_token = "some secret phrase of at least 30 characters"in config/application.rb):
  

Rendered /Users/holtonma/.rvm/gems/ruby-1.9.2-head@rails3/gems/actionpack-3.0.3/lib/action_dispatch/middleware/templates/rescues/_trace.erb (1.3ms)
Rendered /Users/holtonma/.rvm/gems/ruby-1.9.2-head@rails3/gems/actionpack-3.0.3/lib/action_dispatch/middleware/templates/rescues/_request_and_response.erb (1.6ms)
Rendered /Users/holtonma/.rvm/gems/ruby-1.9.2-head@rails3/gems/actionpack-3.0.3/lib/action_dispatch/middleware/templates/rescues/diagnostics.erb within rescues/layout (6.9ms)


Started GET "/" for 127.0.0.1 at 2010-11-29 20:02:08 -0800
  [1m[36mSQL (0.3ms)[0m  [1mSHOW client_min_messages[0m
  [1m[35mSQL (0.1ms)[0m  SET client_min_messages TO 'panic'
  [1m[36mSQL (0.1ms)[0m  [1mSET standard_conforming_strings = on[0m
  [1m[35mSQL (0.1ms)[0m  SET client_min_messages TO 'notice'
  [1m[36mSQL (0.4ms)[0m  [1mSET time zone 'UTC'[0m
  [1m[35mSQL (0.1ms)[0m  SHOW TIME ZONE

ArgumentError (A secret is required to generate an integrity hash for cookie session data. Use config.secret_token = "some secret phrase of at least 30 characters"in config/application.rb):
  

Rendered /Users/holtonma/.rvm/gems/ruby-1.9.2-head@rails3/gems/actionpack-3.0.3/lib/action_dispatch/middleware/templates/rescues/_trace.erb (1.4ms)
Rendered /Users/holtonma/.rvm/gems/ruby-1.9.2-head@rails3/gems/actionpack-3.0.3/lib/action_dispatch/middleware/templates/rescues/_request_and_response.erb (8.5ms)
Rendered /Users/holtonma/.rvm/gems/ruby-1.9.2-head@rails3/gems/actionpack-3.0.3/lib/action_dispatch/middleware/templates/rescues/diagnostics.erb within rescues/layout (14.4ms)


Started GET "/favicon.ico" for 127.0.0.1 at 2010-11-29 20:02:08 -0800

ArgumentError (A secret is required to generate an integrity hash for cookie session data. Use config.secret_token = "some secret phrase of at least 30 characters"in config/application.rb):
  

Rendered /Users/holtonma/.rvm/gems/ruby-1.9.2-head@rails3/gems/actionpack-3.0.3/lib/action_dispatch/middleware/templates/rescues/_trace.erb (1.4ms)
Rendered /Users/holtonma/.rvm/gems/ruby-1.9.2-head@rails3/gems/actionpack-3.0.3/lib/action_dispatch/middleware/templates/rescues/_request_and_response.erb (1.5ms)
Rendered /Users/holtonma/.rvm/gems/ruby-1.9.2-head@rails3/gems/actionpack-3.0.3/lib/action_dispatch/middleware/templates/rescues/diagnostics.erb within rescues/layout (6.5ms)
